<?xml version="1.0" encoding="UTF-8" ?>
<testsuite failures="0" time="0.074" errors="0" skipped="0" tests="5" name="com.jcheype.webServer.RouteTest">
  <properties>
[...]
</properties>
  <testcase time="0.071" classname="com.jcheype.webServer.RouteTest" name="parse_route_and_check_params"/>
  <testcase time="0" classname="com.jcheype.webServer.RouteTest" name="parse_bad_route"/>
  <testcase time="0.001" classname="com.jcheype.webServer.RouteTest" name="parse_with_content_type"/>
  <testcase time="0" classname="com.jcheype.webServer.RouteTest" name="parse_no_content_type"/>
  <testcase time="0" classname="com.jcheype.webServer.RouteTest" name="parse_bad_content_type"/>
</testsuite>